[2m4:34:07 PM[22m [33m[1m[vite][22m[39m [33m[2m(client)[22m[39m [2m[console.warn] [22mNo routes matched location "/tickets/F3K8L9#tin-t%E1%BB%A9c" 
[2m4:34:07 PM[22m [33m[1m[vite][22m[39m [33m[2m(client)[22m[39m [2m[console.warn] [22mNo routes matched location "/tickets/F3K8L9#tin-t%E1%BB%A9c" 
[2m4:34:57 PM[22m [33m[1m[vite][22m[39m [33m[2m(client)[22m[39m [2m[console.warn] [22mNo routes matched location "/tickets/F3K8L9#tin-t%E1%BB%A9c" 
[2m4:34:57 PM[22m [33m[1m[vite][22m[39m [33m[2m(client)[22m[39m [2m[console.warn] [22mNo routes matched location "/tickets/F3K8L9#tin-t%E1%BB%A9c" 
[2m4:34:59 PM[22m [33m[1m[vite][22m[39m [33m[2m(client)[22m[39m [2m[console.warn] [22mNo routes matched location "/tickets/F3K8L9#b%E1%BB%99-s%C6%B0u-t%E1%BA%ADp" 
[2m4:34:59 PM[22m [33m[1m[vite][22m[39m [33m[2m(client)[22m[39m [2m[console.warn] [22mNo routes matched location "/tickets/F3K8L9#b%E1%BB%99-s%C6%B0u-t%E1%BA%ADp" 
[2m4:35:00 PM[22m [33m[1m[vite][22m[39m [33m[2m(client)[22m[39m [2m[console.warn] [22mNo routes matched location "/tickets/F3K8L9#k%C3%BD-g%E1%BB%ADi" 
[2m4:35:00 PM[22m [33m[1m[vite][22m[39m [33m[2m(client)[22m[39m [2m[console.warn] [22mNo routes matched location "/tickets/F3K8L9#k%C3%BD-g%E1%BB%ADi" 
[2m4:35:00 PM[22m [33m[1m[vite][22m[39m [33m[2m(client)[22m[39m [2m[console.warn] [22mNo routes matched location "/tickets/F3K8L9#s%E1%BA%A3n-ph%E1%BA%A9m" 
[2m4:35:00 PM[22m [33m[1m[vite][22m[39m [33m[2m(client)[22m[39m [2m[console.warn] [22mNo routes matched location "/tickets/F3K8L9#s%E1%BA%A3n-ph%E1%BA%A9m" 
[2m4:35:01 PM[22m [33m[1m[vite][22m[39m [33m[2m(client)[22m[39m [2m[console.warn] [22mNo routes matched location "/tickets/F3K8L9#san-pham" 
[2m4:35:01 PM[22m [33m[1m[vite][22m[39m [33m[2m(client)[22m[39m [2m[console.warn] [22mNo routes matched location "/tickets/F3K8L9#san-pham" 
[2m4:35:02 PM[22m [33m[1m[vite][22m[39m [33m[2m(client)[22m[39m [2m[console.warn] [22mNo routes matched location "/tickets/F3K8L9" 
[2m4:35:02 PM[22m [33m[1m[vite][22m[39m [33m[2m(client)[22m[39m [2m[console.warn] [22mNo routes matched location "/tickets/F3K8L9" 
[2m4:35:02 PM[22m [33m[1m[vite][22m[39m [33m[2m(client)[22m[39m [2m[console.warn] [22mNo routes matched location "/tickets/F3K8L9/e-ticket" 
[2m4:35:02 PM[22m [33m[1m[vite][22m[39m [33m[2m(client)[22m[39m [2m[console.warn] [22mNo routes matched location "/tickets/F3K8L9/e-ticket" 
[2m4:35:04 PM[22m [33m[1m[vite][22m[39m [33m[2m(client)[22m[39m [2m[console.warn] [22mNo routes matched location "/tickets/F3K8L9" 
[2m4:35:04 PM[22m [33m[1m[vite][22m[39m [33m[2m(client)[22m[39m [2m[console.warn] [22mNo routes matched location "/tickets/F3K8L9" 
[2m4:46:15 PM[22m [31m[1m[vite][22m[39m [31m[2m(client)[22m[39m Pre-transform error: Failed to resolve import "./pages/HomePage.jsx" from "src/App.jsx". Does the file exist?
  Plugin: [35mvite:import-analysis[39m
  File: [36mC:/Users/ASUS/Desktop/đatn/src/App.jsx[39m:3:21
[33m  1  |  import { useState } from "react";
  2  |  import { Route, Routes } from "react-router-dom";
  3  |  import HomePage from "./pages/HomePage.jsx";
     |                        ^
  4  |  import LoginPage from "./pages/LoginPage.jsx";
  5  |  var _jsxFileName = "C:/Users/ASUS/Desktop/đatn/src/App.jsx";[39m
[2m4:46:15 PM[22m [31m[1m[vite][22m[39m [31mInternal server error: Failed to resolve import "./pages/LoginPage.jsx" from "src/App.jsx". Does the file exist?[39m
  Plugin: [35mvite:import-analysis[39m
  File: [36mC:/Users/ASUS/Desktop/đatn/src/App.jsx[39m:4:22
[33m  2  |  import { Route, Routes } from "react-router-dom";
  3  |  import HomePage from "./pages/HomePage.jsx";
  4  |  import LoginPage from "./pages/LoginPage.jsx";
     |                         ^
  5  |  var _jsxFileName = "C:/Users/ASUS/Desktop/đatn/src/App.jsx";
  6  |  import { jsxDEV as _jsxDEV } from "react/jsx-dev-runtime";[39m
      at TransformPluginContext._formatLog (file:///C:/Users/ASUS/Desktop/%C4%91atn/node_modules/vite/dist/node/chunks/node.js:30488:39)
      at TransformPluginContext.error (file:///C:/Users/ASUS/Desktop/%C4%91atn/node_modules/vite/dist/node/chunks/node.js:30485:14)
      at normalizeUrl (file:///C:/Users/ASUS/Desktop/%C4%91atn/node_modules/vite/dist/node/chunks/node.js:27728:18)
      at async file:///C:/Users/ASUS/Desktop/%C4%91atn/node_modules/vite/dist/node/chunks/node.js:27791:30
      at async Promise.all (index 3)
      at async TransformPluginContext.transform (file:///C:/Users/ASUS/Desktop/%C4%91atn/node_modules/vite/dist/node/chunks/node.js:27759:4)
      at async EnvironmentPluginContainer.transform (file:///C:/Users/ASUS/Desktop/%C4%91atn/node_modules/vite/dist/node/chunks/node.js:30273:14)
      at async loadAndTransform (file:///C:/Users/ASUS/Desktop/%C4%91atn/node_modules/vite/dist/node/chunks/node.js:24532:26)
      at async viteTransformMiddleware (file:///C:/Users/ASUS/Desktop/%C4%91atn/node_modules/vite/dist/node/chunks/node.js:24326:20)
[2m4:48:01 PM[22m [31m[1m[vite][22m[39m [31m[2m(client)[22m[39m Pre-transform error: Failed to resolve import "./pages/LoginPage.jsx" from "src/App.jsx". Does the file exist?
  Plugin: [35mvite:import-analysis[39m
  File: [36mC:/Users/ASUS/Desktop/đatn/src/App.jsx[39m:4:22
[33m  2  |  import { Route, Routes } from "react-router-dom";
  3  |  import HomePage from "./pages/HomePage.jsx";
  4  |  import LoginPage from "./pages/LoginPage.jsx";
     |                         ^
  5  |  var _jsxFileName = "C:/Users/ASUS/Desktop/đatn/src/App.jsx";
  6  |  import { jsxDEV as _jsxDEV } from "react/jsx-dev-runtime";[39m
[2m4:48:01 PM[22m [31m[1m[vite][22m[39m [31mInternal server error: Failed to resolve import "./pages/LoginPage.jsx" from "src/App.jsx". Does the file exist?[39m
  Plugin: [35mvite:import-analysis[39m
  File: [36mC:/Users/ASUS/Desktop/đatn/src/App.jsx[39m:4:22
[33m  2  |  import { Route, Routes } from "react-router-dom";
  3  |  import HomePage from "./pages/HomePage.jsx";
  4  |  import LoginPage from "./pages/LoginPage.jsx";
     |                         ^
  5  |  var _jsxFileName = "C:/Users/ASUS/Desktop/đatn/src/App.jsx";
  6  |  import { jsxDEV as _jsxDEV } from "react/jsx-dev-runtime";[39m
      at TransformPluginContext._formatLog (file:///C:/Users/ASUS/Desktop/%C4%91atn/node_modules/vite/dist/node/chunks/node.js:30488:39)
      at TransformPluginContext.error (file:///C:/Users/ASUS/Desktop/%C4%91atn/node_modules/vite/dist/node/chunks/node.js:30485:14)
      at normalizeUrl (file:///C:/Users/ASUS/Desktop/%C4%91atn/node_modules/vite/dist/node/chunks/node.js:27728:18)
      at async file:///C:/Users/ASUS/Desktop/%C4%91atn/node_modules/vite/dist/node/chunks/node.js:27791:30
      at async Promise.all (index 3)
      at async TransformPluginContext.transform (file:///C:/Users/ASUS/Desktop/%C4%91atn/node_modules/vite/dist/node/chunks/node.js:27759:4)
      at async EnvironmentPluginContainer.transform (file:///C:/Users/ASUS/Desktop/%C4%91atn/node_modules/vite/dist/node/chunks/node.js:30273:14)
      at async loadAndTransform (file:///C:/Users/ASUS/Desktop/%C4%91atn/node_modules/vite/dist/node/chunks/node.js:24532:26)
      at async viteTransformMiddleware (file:///C:/Users/ASUS/Desktop/%C4%91atn/node_modules/vite/dist/node/chunks/node.js:24326:20)
